app/build/intermediates/manifest_merge_blame_file/debug/manifest-merger-blame-debug-report.txt
1<?xml version="1.0" encoding="utf-8"?>
2<manifest xmlns:android="http://schemas.android.com/apk/res/android"
3    package="com.example.musiclink"
4    android:versionCode="1"
5    android:versionName="1.0" >
6
7    <uses-sdk
8        android:minSdkVersion="24"
9        android:targetSdkVersion="34" />
10
11    <uses-permission android:name="android.permission.INTERNET" />
11-->src\main\AndroidManifest.xml:5:5-67
11-->src\main\AndroidManifest.xml:5:22-64
12
13    <permission
13-->[androidx.core:core:1.12.0] AndroidManifest.xml:22:5-24:47
14        android:name="com.example.musiclink.DYNAMIC_RECEIVER_NOT_EXPORTED_PERMISSION"
14-->[androidx.core:core:1.12.0] AndroidManifest.xml:23:9-81
15        android:protectionLevel="signature" />
15-->[androidx.core:core:1.12.0] AndroidManifest.xml:24:9-44
16
17    <uses-permission android:name="com.example.musiclink.DYNAMIC_RECEIVER_NOT_EXPORTED_PERMISSION" />
17-->[androidx.core:core:1.12.0] AndroidManifest.xml:26:5-97
17-->[androidx.core:core:1.12.0] AndroidManifest.xml:26:22-94
18
19    <application
19-->src\main\AndroidManifest.xml:7:5-72:19
20        android:allowBackup="true"
20-->src\main\AndroidManifest.xml:8:9-35
21        android:appComponentFactory="androidx.core.app.CoreComponentFactory"
21-->[androidx.core:core:1.12.0] AndroidManifest.xml:28:18-86
22        android:debuggable="true"
23        android:extractNativeLibs="false"
24        android:label="@string/app_name"
24-->src\main\AndroidManifest.xml:9:9-41
25        android:supportsRtl="true"
25-->src\main\AndroidManifest.xml:10:9-35
26        android:testOnly="true"
27        android:theme="@android:style/Theme.Material.Light.NoActionBar" >
27-->src\main\AndroidManifest.xml:12:9-72
28        <activity
28-->src\main\AndroidManifest.xml:14:9-71:20
29            android:name="com.example.musiclink.MainActivity"
29-->src\main\AndroidManifest.xml:15:13-41
30            android:exported="true" >
30-->src\main\AndroidManifest.xml:16:13-36
31            <intent-filter>
31-->src\main\AndroidManifest.xml:18:13-21:29
32                <action android:name="android.intent.action.MAIN" />
32-->src\main\AndroidManifest.xml:19:17-69
32-->src\main\AndroidManifest.xml:19:25-66
33
34                <category android:name="android.intent.category.LAUNCHER" />
34-->src\main\AndroidManifest.xml:20:17-77
34-->src\main\AndroidManifest.xml:20:27-74
35            </intent-filter>
36
37            <!-- Intent Filter for handling "Share" action -->
38            <intent-filter>
38-->src\main\AndroidManifest.xml:24:13-28:29
39                <action android:name="android.intent.action.SEND" />
39-->src\main\AndroidManifest.xml:25:17-69
39-->src\main\AndroidManifest.xml:25:25-66
40
41                <category android:name="android.intent.category.DEFAULT" />
41-->src\main\AndroidManifest.xml:26:17-76
41-->src\main\AndroidManifest.xml:26:27-73
42
43                <data android:mimeType="text/plain" />
43-->src\main\AndroidManifest.xml:27:17-55
43-->src\main\AndroidManifest.xml:27:23-52
44            </intent-filter>
45
46            <!-- Intent Filter to intercept Supported Links -->
47            <intent-filter android:autoVerify="true" >
47-->src\main\AndroidManifest.xml:31:13-69:29
47-->src\main\AndroidManifest.xml:31:28-53
48                <action android:name="android.intent.action.VIEW" />
48-->src\main\AndroidManifest.xml:32:17-69
48-->src\main\AndroidManifest.xml:32:25-66
49
50                <category android:name="android.intent.category.DEFAULT" />
50-->src\main\AndroidManifest.xml:26:17-76
50-->src\main\AndroidManifest.xml:26:27-73
51                <category android:name="android.intent.category.BROWSABLE" />
51-->src\main\AndroidManifest.xml:34:17-78
51-->src\main\AndroidManifest.xml:34:27-75
52
53                <!-- Spotify -->
54                <data
54-->src\main\AndroidManifest.xml:27:17-55
55                    android:host="open.spotify.com"
55-->src\main\AndroidManifest.xml:37:46-77
56                    android:scheme="https" />
56-->src\main\AndroidManifest.xml:37:23-45
57                <data
57-->src\main\AndroidManifest.xml:27:17-55
58                    android:host="open.spotify.com"
58-->src\main\AndroidManifest.xml:37:46-77
59                    android:scheme="http" />
59-->src\main\AndroidManifest.xml:37:23-45
60
61                <!-- YouTube Music & YouTube -->
62                <data
62-->src\main\AndroidManifest.xml:27:17-55
63                    android:host="music.youtube.com"
63-->src\main\AndroidManifest.xml:37:46-77
64                    android:scheme="https" />
64-->src\main\AndroidManifest.xml:37:23-45
65                <data
65-->src\main\AndroidManifest.xml:27:17-55
66                    android:host="music.youtube.com"
66-->src\main\AndroidManifest.xml:37:46-77
67                    android:scheme="http" />
67-->src\main\AndroidManifest.xml:37:23-45
68                <data
68-->src\main\AndroidManifest.xml:27:17-55
69                    android:host="youtube.com"
69-->src\main\AndroidManifest.xml:37:46-77
70                    android:scheme="https" />
70-->src\main\AndroidManifest.xml:37:23-45
71                <data
71-->src\main\AndroidManifest.xml:27:17-55
72                    android:host="youtube.com"
72-->src\main\AndroidManifest.xml:37:46-77
73                    android:scheme="http" />
73-->src\main\AndroidManifest.xml:37:23-45
74                <data
74-->src\main\AndroidManifest.xml:27:17-55
75                    android:host="youtu.be"
75-->src\main\AndroidManifest.xml:37:46-77
76                    android:scheme="https" />
76-->src\main\AndroidManifest.xml:37:23-45
77                <data
77-->src\main\AndroidManifest.xml:27:17-55
78                    android:host="youtu.be"
78-->src\main\AndroidManifest.xml:37:46-77
79                    android:scheme="http" />
79-->src\main\AndroidManifest.xml:37:23-45
80
81                <!-- Apple Music -->
82                <data
82-->src\main\AndroidManifest.xml:27:17-55
83                    android:host="music.apple.com"
83-->src\main\AndroidManifest.xml:37:46-77
84                    android:scheme="https" />
84-->src\main\AndroidManifest.xml:37:23-45
85                <data
85-->src\main\AndroidManifest.xml:27:17-55
86                    android:host="music.apple.com"
86-->src\main\AndroidManifest.xml:37:46-77
87                    android:scheme="http" />
87-->src\main\AndroidManifest.xml:37:23-45
88
89                <!-- Deezer -->
90                <data
90-->src\main\AndroidManifest.xml:27:17-55
91                    android:host="deezer.com"
91-->src\main\AndroidManifest.xml:37:46-77
92                    android:scheme="https" />
92-->src\main\AndroidManifest.xml:37:23-45
93                <data
93-->src\main\AndroidManifest.xml:27:17-55
94                    android:host="deezer.com"
94-->src\main\AndroidManifest.xml:37:46-77
95                    android:scheme="http" />
95-->src\main\AndroidManifest.xml:37:23-45
96                <data
96-->src\main\AndroidManifest.xml:27:17-55
97                    android:host="www.deezer.com"
97-->src\main\AndroidManifest.xml:37:46-77
98                    android:scheme="https" />
98-->src\main\AndroidManifest.xml:37:23-45
99
100                <!-- Tidal -->
101                <data
101-->src\main\AndroidManifest.xml:27:17-55
102                    android:host="tidal.com"
102-->src\main\AndroidManifest.xml:37:46-77
103                    android:scheme="https" />
103-->src\main\AndroidManifest.xml:37:23-45
104                <data
104-->src\main\AndroidManifest.xml:27:17-55
105                    android:host="tidal.com"
105-->src\main\AndroidManifest.xml:37:46-77
106                    android:scheme="http" />
106-->src\main\AndroidManifest.xml:37:23-45
107                <data
107-->src\main\AndroidManifest.xml:27:17-55
108                    android:host="listen.tidal.com"
108-->src\main\AndroidManifest.xml:37:46-77
109                    android:scheme="https" />
109-->src\main\AndroidManifest.xml:37:23-45
110
111                <!-- Yandex Music -->
112                <data
112-->src\main\AndroidManifest.xml:27:17-55
113                    android:host="music.yandex.ru"
113-->src\main\AndroidManifest.xml:37:46-77
114                    android:scheme="https" />
114-->src\main\AndroidManifest.xml:37:23-45
115                <data
115-->src\main\AndroidManifest.xml:27:17-55
116                    android:host="music.yandex.ru"
116-->src\main\AndroidManifest.xml:37:46-77
117                    android:scheme="http" />
117-->src\main\AndroidManifest.xml:37:23-45
118
119                <!-- SoundCloud -->
120                <data
120-->src\main\AndroidManifest.xml:27:17-55
121                    android:host="soundcloud.com"
121-->src\main\AndroidManifest.xml:37:46-77
122                    android:scheme="https" />
122-->src\main\AndroidManifest.xml:37:23-45
123                <data
123-->src\main\AndroidManifest.xml:27:17-55
124                    android:host="soundcloud.com"
124-->src\main\AndroidManifest.xml:37:46-77
125                    android:scheme="http" />
125-->src\main\AndroidManifest.xml:37:23-45
126            </intent-filter>
127        </activity>
128        <activity
128-->[androidx.compose.ui:ui-test-manifest:1.5.0] AndroidManifest.xml:23:9-25:39
129            android:name="androidx.activity.ComponentActivity"
129-->[androidx.compose.ui:ui-test-manifest:1.5.0] AndroidManifest.xml:24:13-63
130            android:exported="true" />
130-->[androidx.compose.ui:ui-test-manifest:1.5.0] AndroidManifest.xml:25:13-36
131        <activity
131-->[androidx.compose.ui:ui-tooling-android:1.5.0] AndroidManifest.xml:23:9-25:39
132            android:name="androidx.compose.ui.tooling.PreviewActivity"
132-->[androidx.compose.ui:ui-tooling-android:1.5.0] AndroidManifest.xml:24:13-71
133            android:exported="true" />
133-->[androidx.compose.ui:ui-tooling-android:1.5.0] AndroidManifest.xml:25:13-36
134
135        <provider
135-->[androidx.emoji2:emoji2:1.4.0] AndroidManifest.xml:24:9-32:20
136            android:name="androidx.startup.InitializationProvider"
136-->[androidx.emoji2:emoji2:1.4.0] AndroidManifest.xml:25:13-67
137            android:authorities="com.example.musiclink.androidx-startup"
137-->[androidx.emoji2:emoji2:1.4.0] AndroidManifest.xml:26:13-68
138            android:exported="false" >
138-->[androidx.emoji2:emoji2:1.4.0] AndroidManifest.xml:27:13-37
139            <meta-data
139-->[androidx.emoji2:emoji2:1.4.0] AndroidManifest.xml:29:13-31:52
140                android:name="androidx.emoji2.text.EmojiCompatInitializer"
140-->[androidx.emoji2:emoji2:1.4.0] AndroidManifest.xml:30:17-75
141                android:value="androidx.startup" />
141-->[androidx.emoji2:emoji2:1.4.0] AndroidManifest.xml:31:17-49
142            <meta-data
142-->[androidx.lifecycle:lifecycle-process:2.6.2] AndroidManifest.xml:29:13-31:52
143                android:name="androidx.lifecycle.ProcessLifecycleInitializer"
143-->[androidx.lifecycle:lifecycle-process:2.6.2] AndroidManifest.xml:30:17-78
144                android:value="androidx.startup" />
144-->[androidx.lifecycle:lifecycle-process:2.6.2] AndroidManifest.xml:31:17-49
145            <meta-data
145-->[androidx.profileinstaller:profileinstaller:1.3.0] AndroidManifest.xml:29:13-31:52
146                android:name="androidx.profileinstaller.ProfileInstallerInitializer"
146-->[androidx.profileinstaller:profileinstaller:1.3.0] AndroidManifest.xml:30:17-85
147                android:value="androidx.startup" />
147-->[androidx.profileinstaller:profileinstaller:1.3.0] AndroidManifest.xml:31:17-49
148        </provider>
149
150        <receiver
150-->[androidx.profileinstaller:profileinstaller:1.3.0] AndroidManifest.xml:34:9-52:20
151            android:name="androidx.profileinstaller.ProfileInstallReceiver"
151-->[androidx.profileinstaller:profileinstaller:1.3.0] AndroidManifest.xml:35:13-76
152            android:directBootAware="false"
152-->[androidx.profileinstaller:profileinstaller:1.3.0] AndroidManifest.xml:36:13-44
153            android:enabled="true"
153-->[androidx.profileinstaller:profileinstaller:1.3.0] AndroidManifest.xml:37:13-35
154            android:exported="true"
154-->[androidx.profileinstaller:profileinstaller:1.3.0] AndroidManifest.xml:38:13-36
155            android:permission="android.permission.DUMP" >
155-->[androidx.profileinstaller:profileinstaller:1.3.0] AndroidManifest.xml:39:13-57
156            <intent-filter>
156-->[androidx.profileinstaller:profileinstaller:1.3.0] AndroidManifest.xml:40:13-42:29
157                <action android:name="androidx.profileinstaller.action.INSTALL_PROFILE" />
157-->[androidx.profileinstaller:profileinstaller:1.3.0] AndroidManifest.xml:41:17-91
157-->[androidx.profileinstaller:profileinstaller:1.3.0] AndroidManifest.xml:41:25-88
158            </intent-filter>
159            <intent-filter>
159-->[androidx.profileinstaller:profileinstaller:1.3.0] AndroidManifest.xml:43:13-45:29
160                <action android:name="androidx.profileinstaller.action.SKIP_FILE" />
160-->[androidx.profileinstaller:profileinstaller:1.3.0] AndroidManifest.xml:44:17-85
160-->[androidx.profileinstaller:profileinstaller:1.3.0] AndroidManifest.xml:44:25-82
161            </intent-filter>
162            <intent-filter>
162-->[androidx.profileinstaller:profileinstaller:1.3.0] AndroidManifest.xml:46:13-48:29
163                <action android:name="androidx.profileinstaller.action.SAVE_PROFILE" />
163-->[androidx.profileinstaller:profileinstaller:1.3.0] AndroidManifest.xml:47:17-88
163-->[androidx.profileinstaller:profileinstaller:1.3.0] AndroidManifest.xml:47:25-85
164            </intent-filter>
165            <intent-filter>
165-->[androidx.profileinstaller:profileinstaller:1.3.0] AndroidManifest.xml:49:13-51:29
166                <action android:name="androidx.profileinstaller.action.BENCHMARK_OPERATION" />
166-->[androidx.profileinstaller:profileinstaller:1.3.0] AndroidManifest.xml:50:17-95
166-->[androidx.profileinstaller:profileinstaller:1.3.0] AndroidManifest.xml:50:25-92
167            </intent-filter>
168        </receiver>
169    </application>
170
171</manifest>